SF:lib\core\error\failure.dart
DA:7,1
DA:9,1
DA:10,2
DA:14,0
DA:19,0
DA:23,0
DA:29,1
LF:7
LH:4
end_of_record
SF:lib\features\auth\domain\entity\user_entity.dart
DA:13,1
DA:24,0
DA:25,0
DA:26,0
DA:27,0
DA:28,0
DA:29,0
DA:30,0
DA:31,0
DA:32,0
DA:33,0
LF:11
LH:1
end_of_record
SF:lib\features\auth\domain\use_case\user_register_usecase.dart
DA:18,1
DA:28,0
DA:29,0
DA:30,0
DA:31,0
DA:33,0
DA:34,0
DA:35,0
DA:36,0
DA:47,1
DA:50,1
DA:52,1
DA:53,1
DA:54,1
DA:56,1
DA:57,1
DA:58,1
DA:59,1
DA:62,2
LF:19
LH:11
end_of_record
